<?xml version="1.0" encoding="UTF-8"?>
<!-- Generated by org.testng.reporters.JUnitReportReporter -->
<testsuite skipped="0" hostname="DESKTOP-AJNPB38" name="Scripts.TestInValideLogin" tests="1" failures="0" timestamp="03 Dec 2017 08:10:09 GMT" time="20.333" errors="0">
  <testcase name="testInValideLogin" time="20.333" classname="Scripts.TestInValideLogin"/>
</testsuite> <!-- Scripts.TestInValideLogin -->
